2024-03-12 18:27:59,106 INFO o.a.j.u.JMeterUtils: Setting Locale to en_EN
2024-03-12 18:27:59,122 INFO o.a.j.JMeter: Loading user properties from: /opt/homebrew/Cellar/jmeter/5.6.3/libexec/bin/user.properties
2024-03-12 18:27:59,123 INFO o.a.j.JMeter: Loading system properties from: /opt/homebrew/Cellar/jmeter/5.6.3/libexec/bin/system.properties
2024-03-12 18:27:59,126 INFO o.a.j.JMeter: Copyright (c) 1998-2024 The Apache Software Foundation
2024-03-12 18:27:59,126 INFO o.a.j.JMeter: Version 5.6.3
2024-03-12 18:27:59,126 INFO o.a.j.JMeter: java.version=21.0.2
2024-03-12 18:27:59,126 INFO o.a.j.JMeter: java.vm.name=OpenJDK 64-Bit Server VM
2024-03-12 18:27:59,126 INFO o.a.j.JMeter: os.name=Mac OS X
2024-03-12 18:27:59,126 INFO o.a.j.JMeter: os.arch=aarch64
2024-03-12 18:27:59,127 INFO o.a.j.JMeter: os.version=14.3.1
2024-03-12 18:27:59,127 INFO o.a.j.JMeter: file.encoding=UTF-8
2024-03-12 18:27:59,127 INFO o.a.j.JMeter: java.awt.headless=null
2024-03-12 18:27:59,127 INFO o.a.j.JMeter: Max memory     =1073741824
2024-03-12 18:27:59,127 INFO o.a.j.JMeter: Available Processors =10
2024-03-12 18:27:59,133 INFO o.a.j.JMeter: Default Locale=English (EN)
2024-03-12 18:27:59,133 INFO o.a.j.JMeter: JMeter  Locale=English (EN)
2024-03-12 18:27:59,133 INFO o.a.j.JMeter: JMeterHome=/opt/homebrew/Cellar/jmeter/5.6.3/libexec
2024-03-12 18:27:59,133 INFO o.a.j.JMeter: user.dir  =/Users/nicolascarvajal/dev/andes/arquitecturas-agiles/SportApp/experimento_1_seguridad
2024-03-12 18:27:59,133 INFO o.a.j.JMeter: PWD       =/Users/nicolascarvajal/dev/andes/arquitecturas-agiles/SportApp/experimento_1_seguridad
2024-03-12 18:27:59,200 INFO o.a.j.JMeter: IP: 192.168.4.23 Name: MBP-Nico.local FullName: 192.168.4.23
2024-03-12 18:27:59,210 INFO o.a.j.JMeter: Loaded icon properties from org/apache/jmeter/images/icon.properties
2024-03-12 18:27:59,715 INFO o.a.j.JMeterGuiLauncher: Setting LAF to: com.github.weisj.darklaf.DarkLaf:com.github.weisj.darklaf.theme.DarculaTheme
2024-03-12 18:28:02,362 INFO o.a.j.r.ClassFinder: Will scan jar /opt/homebrew/Cellar/jmeter/5.6.3/libexec/lib/ext/jmeter-plugins-manager-1.10.jar with filter ExtendsClassFilter [parents=[interface org.apache.jmeter.gui.action.Command], inner=false, contains=null, notContains=null]. Consider exposing JMeter plugins via META-INF/services, and add JMeter-Skip-Class-Scanning=true manifest attribute so JMeter can skip classfile scanning
2024-03-12 18:28:02,535 INFO o.a.j.r.ClassFinder: Will scan jar /opt/homebrew/Cellar/jmeter/5.6.3/libexec/lib/ext/jmeter-plugins-manager-1.10.jar with filter ExtendsClassFilter [parents=[interface org.apache.jmeter.gui.plugin.MenuCreator], inner=false, contains=null, notContains=null]. Consider exposing JMeter plugins via META-INF/services, and add JMeter-Skip-Class-Scanning=true manifest attribute so JMeter can skip classfile scanning
2024-03-12 18:28:02,617 INFO o.j.r.JARSourceHTTP: Requesting https://jmeter-plugins.org/repo/?installID=mac_os_x-16eff137ae6d1fbeceb7c8f78b9b2a61-gui
2024-03-12 18:28:04,515 INFO o.j.r.PluginManager: Plugins Status: [jpgc-plugins-manager=1.10, jmeter-core=5.6.3, jmeter-ftp=5.6.3, jmeter-http=5.6.3, jmeter-jdbc=5.6.3, jmeter-jms=5.6.3, jmeter-junit=5.6.3, jmeter-java=5.6.3, jmeter-ldap=5.6.3, jmeter-mail=5.6.3, jmeter-mongodb=5.6.3, jmeter-native=5.6.3, jmeter-tcp=5.6.3, jmeter-components=5.6.3]
2024-03-12 18:28:12,815 INFO o.a.j.s.FileServer: Default base='/Users/nicolascarvajal/dev/andes/arquitecturas-agiles/SportApp/experimento_1_seguridad'
2024-03-12 18:28:12,818 INFO o.a.j.g.a.Load: Loading file: /Users/nicolascarvajal/dev/andes/arquitecturas-agiles/SportApp/experimento_1_seguridad/Experimento.jmx
2024-03-12 18:28:12,818 INFO o.a.j.s.FileServer: Set new base='/Users/nicolascarvajal/dev/andes/arquitecturas-agiles/SportApp/experimento_1_seguridad'
2024-03-12 18:28:12,920 INFO o.a.j.s.SaveService: Testplan (JMX) version: 2.2. Testlog (JTL) version: 2.2
2024-03-12 18:28:12,924 INFO o.a.j.s.SaveService: Using SaveService properties version 5.0
2024-03-12 18:28:12,925 INFO o.a.j.s.SaveService: Using SaveService properties file encoding UTF-8
2024-03-12 18:28:12,926 INFO o.a.j.s.SaveService: Loading file: /Users/nicolascarvajal/dev/andes/arquitecturas-agiles/SportApp/experimento_1_seguridad/Experimento.jmx
2024-03-12 18:28:12,976 INFO o.a.j.p.h.s.HTTPSamplerBase: Parser for text/html is org.apache.jmeter.protocol.http.parser.LagartoBasedHtmlParser
2024-03-12 18:28:12,976 INFO o.a.j.p.h.s.HTTPSamplerBase: Parser for application/xhtml+xml is org.apache.jmeter.protocol.http.parser.LagartoBasedHtmlParser
2024-03-12 18:28:12,976 INFO o.a.j.p.h.s.HTTPSamplerBase: Parser for application/xml is org.apache.jmeter.protocol.http.parser.LagartoBasedHtmlParser
2024-03-12 18:28:12,976 INFO o.a.j.p.h.s.HTTPSamplerBase: Parser for text/xml is org.apache.jmeter.protocol.http.parser.LagartoBasedHtmlParser
2024-03-12 18:28:12,976 INFO o.a.j.p.h.s.HTTPSamplerBase: Parser for text/vnd.wap.wml is org.apache.jmeter.protocol.http.parser.RegexpHTMLParser
2024-03-12 18:28:12,976 INFO o.a.j.p.h.s.HTTPSamplerBase: Parser for text/css is org.apache.jmeter.protocol.http.parser.CssParser
2024-03-12 18:28:13,104 INFO o.a.j.s.SampleResult: Note: Sample TimeStamps are START times
2024-03-12 18:28:13,104 INFO o.a.j.s.SampleResult: sampleresult.default.encoding is set to UTF-8
2024-03-12 18:28:13,104 INFO o.a.j.s.SampleResult: sampleresult.useNanoTime=true
2024-03-12 18:28:13,104 INFO o.a.j.s.SampleResult: sampleresult.nanoThreadSleep=5000
2024-03-12 18:28:13,173 INFO o.a.j.r.ClassFinder: Will scan jar /opt/homebrew/Cellar/jmeter/5.6.3/libexec/lib/ext/jmeter-plugins-manager-1.10.jar with filter ExtendsClassFilter [parents=[interface org.apache.jmeter.visualizers.ResultRenderer], inner=false, contains=null, notContains=null]. Consider exposing JMeter plugins via META-INF/services, and add JMeter-Skip-Class-Scanning=true manifest attribute so JMeter can skip classfile scanning
2024-03-12 18:28:13,190 INFO o.a.j.r.ClassFinder: Will scan jar /opt/homebrew/Cellar/jmeter/5.6.3/libexec/lib/ext/jmeter-plugins-manager-1.10.jar with filter ExtendsClassFilter [parents=[interface org.apache.jmeter.visualizers.RequestView], inner=false, contains=null, notContains=null]. Consider exposing JMeter plugins via META-INF/services, and add JMeter-Skip-Class-Scanning=true manifest attribute so JMeter can skip classfile scanning
2024-03-12 18:28:13,232 INFO o.a.j.s.FileServer: Set new base='/Users/nicolascarvajal/dev/andes/arquitecturas-agiles/SportApp/experimento_1_seguridad'
2024-03-12 18:30:38,915 INFO o.a.j.e.StandardJMeterEngine: Running the test!
2024-03-12 18:30:38,916 INFO o.a.j.s.SampleEvent: List of sample_variables: []
2024-03-12 18:30:38,916 INFO o.a.j.s.SampleEvent: List of sample_variables: []
2024-03-12 18:30:38,917 INFO o.a.j.e.u.CompoundVariable: Note: Function class names must contain the string: '.functions.'
2024-03-12 18:30:38,917 INFO o.a.j.e.u.CompoundVariable: Note: Function class names must not contain the string: '.gui.'
2024-03-12 18:30:38,953 INFO o.a.j.r.ClassFinder: Will scan jar /opt/homebrew/Cellar/jmeter/5.6.3/libexec/lib/ext/jmeter-plugins-manager-1.10.jar with filter ExtendsClassFilter [parents=[interface org.apache.jmeter.functions.Function], inner=false, contains=null, notContains=null]. Consider exposing JMeter plugins via META-INF/services, and add JMeter-Skip-Class-Scanning=true manifest attribute so JMeter can skip classfile scanning
2024-03-12 18:30:38,962 INFO o.a.j.g.u.JMeterMenuBar: setRunning(true, *local*)
2024-03-12 18:30:39,008 INFO o.a.j.e.StandardJMeterEngine: Starting ThreadGroup: 1 : Thread Group
2024-03-12 18:30:39,008 INFO o.a.j.e.StandardJMeterEngine: Starting 1 threads for group Thread Group.
2024-03-12 18:30:39,009 INFO o.a.j.e.StandardJMeterEngine: Thread will continue on error
2024-03-12 18:30:39,009 INFO o.a.j.t.ThreadGroup: Starting thread group... number=1 threads=1 ramp-up=1 delayedStart=true
2024-03-12 18:30:39,009 INFO o.a.j.t.ThreadGroup: Started thread group number 1
2024-03-12 18:30:39,009 INFO o.a.j.e.StandardJMeterEngine: All thread groups have been started
2024-03-12 18:30:39,011 INFO o.a.j.t.JMeterThread: Thread started: Thread Group 1-1
2024-03-12 18:30:39,059 INFO o.a.j.p.h.s.HTTPHCAbstractImpl: Local host = MBP-Nico.local
2024-03-12 18:30:39,063 INFO o.a.j.p.h.s.HTTPHC4Impl: HTTP request retry count = 0
2024-03-12 18:30:39,500 INFO o.a.j.u.JsseSSLManager: Using default SSL protocol: TLS
2024-03-12 18:30:39,500 INFO o.a.j.u.JsseSSLManager: SSL session context: per-thread
2024-03-12 18:31:07,951 INFO o.a.j.t.JMeterThread: Thread is done: Thread Group 1-1
2024-03-12 18:31:07,953 INFO o.a.j.t.JMeterThread: Thread finished: Thread Group 1-1
2024-03-12 18:31:07,954 INFO o.a.j.e.StandardJMeterEngine: Notifying test listeners of end of test
2024-03-12 18:31:07,955 INFO o.a.j.g.u.JMeterMenuBar: setRunning(false, *local*)
